# JRE version: OpenJDK Runtime Environment (17.0.7) (build 17.0.7+0-b2043.56-10550314)
# Java VM: OpenJDK 64-Bit Server VM (17.0.7+0-b2043.56-10550314, mixed mode, tiered, compressed oops, compressed class ptrs, g1 gc, windows-amd64)
GC Precious Log:
 CPUs: 8 total, 8 available
 Memory: 16198M
 Large Page Support: Disabled
 NUMA Support: Disabled
 Compressed Oops: Enabled (32-bit)
 Heap Region Size: 1M
 Heap Min Capacity: 8M
 Heap Initial Capacity: 254M
 Heap Max Capacity: 1536M
 Pre-touch: Disabled
 Parallel Workers: 8
 Concurrent Workers: 2
 Concurrent Refinement Workers: 8
 Periodic GC: Disabled
Heap:
 garbage-first heap   total 227328K, used 164700K [0x00000000a0000000, 0x0000000100000000)
  region size 1024K, 46 young (47104K), 1 survivors (1024K)
 Metaspace       used 114105K, committed 115008K, reserved 1179648K
  class space    used 15273K, committed 15680K, reserved 1048576K
GC Heap History (20 events):
Event: 33.366 GC heap before
{Heap before GC invocations=56 (full 0):
 garbage-first heap   total 179200K, used 137362K [0x00000000a0000000, 0x0000000100000000)
  region size 1024K, 43 young (44032K), 6 survivors (6144K)
 Metaspace       used 90378K, committed 91136K, reserved 1179648K
  class space    used 12335K, committed 12672K, reserved 1048576K
}
Event: 33.378 GC heap after
{Heap after GC invocations=57 (full 0):
 garbage-first heap   total 179200K, used 102479K [0x00000000a0000000, 0x0000000100000000)
  region size 1024K, 3 young (3072K), 3 survivors (3072K)
 Metaspace       used 90378K, committed 91136K, reserved 1179648K
  class space    used 12335K, committed 12672K, reserved 1048576K
}
Event: 34.509 GC heap before
{Heap before GC invocations=57 (full 0):
 garbage-first heap   total 179200K, used 145487K [0x00000000a0000000, 0x0000000100000000)
  region size 1024K, 45 young (46080K), 3 survivors (3072K)
 Metaspace       used 92430K, committed 93248K, reserved 1179648K
  class space    used 12622K, committed 12992K, reserved 1048576K
}
Event: 34.520 GC heap after
{Heap after GC invocations=58 (full 0):
 garbage-first heap   total 179200K, used 107003K [0x00000000a0000000, 0x0000000100000000)
  region size 1024K, 6 young (6144K), 6 survivors (6144K)
 Metaspace       used 92430K, committed 93248K, reserved 1179648K
  class space    used 12622K, committed 12992K, reserved 1048576K
}
Event: 35.516 GC heap before
{Heap before GC invocations=59 (full 0):
 garbage-first heap   total 188416K, used 143867K [0x00000000a0000000, 0x0000000100000000)
  region size 1024K, 43 young (44032K), 6 survivors (6144K)
 Metaspace       used 96089K, committed 96960K, reserved 1179648K
  class space    used 13122K, committed 13504K, reserved 1048576K
}
Event: 35.527 GC heap after
{Heap after GC invocations=60 (full 0):
 garbage-first heap   total 188416K, used 111513K [0x00000000a0000000, 0x0000000100000000)
  region size 1024K, 5 young (5120K), 5 survivors (5120K)
 Metaspace       used 96089K, committed 96960K, reserved 1179648K
  class space    used 13122K, committed 13504K, reserved 1048576K
}
Event: 35.653 GC heap before
{Heap before GC invocations=60 (full 0):
 garbage-first heap   total 188416K, used 114585K [0x00000000a0000000, 0x0000000100000000)
  region size 1024K, 9 young (9216K), 5 survivors (5120K)
 Metaspace       used 96763K, committed 97600K, reserved 1179648K
  class space    used 13227K, committed 13568K, reserved 1048576K
}
Event: 35.659 GC heap after
{Heap after GC invocations=61 (full 0):
 garbage-first heap   total 188416K, used 112514K [0x00000000a0000000, 0x0000000100000000)
  region size 1024K, 1 young (1024K), 1 survivors (1024K)
 Metaspace       used 96763K, committed 97600K, reserved 1179648K
  class space    used 13227K, committed 13568K, reserved 1048576K
}
Event: 36.562 GC heap before
{Heap before GC invocations=61 (full 0):
 garbage-first heap   total 188416K, used 119682K [0x00000000a0000000, 0x0000000100000000)
  region size 1024K, 10 young (10240K), 1 survivors (1024K)
 Metaspace       used 99549K, committed 100352K, reserved 1179648K
  class space    used 13582K, committed 13952K, reserved 1048576K
}
Event: 36.565 GC heap after
{Heap after GC invocations=62 (full 0):
 garbage-first heap   total 188416K, used 112939K [0x00000000a0000000, 0x0000000100000000)
  region size 1024K, 2 young (2048K), 2 survivors (2048K)
 Metaspace       used 99549K, committed 100352K, reserved 1179648K
  class space    used 13582K, committed 13952K, reserved 1048576K
}
Event: 36.880 GC heap before
{Heap before GC invocations=63 (full 0):
 garbage-first heap   total 227328K, used 159019K [0x00000000a0000000, 0x0000000100000000)
  region size 1024K, 44 young (45056K), 2 survivors (2048K)
 Metaspace       used 99965K, committed 100800K, reserved 1179648K
  class space    used 13602K, committed 14016K, reserved 1048576K
}
Event: 36.885 GC heap after
{Heap after GC invocations=64 (full 0):
 garbage-first heap   total 227328K, used 115257K [0x00000000a0000000, 0x0000000100000000)
  region size 1024K, 4 young (4096K), 4 survivors (4096K)
 Metaspace       used 99965K, committed 100800K, reserved 1179648K
  class space    used 13602K, committed 14016K, reserved 1048576K
}
Event: 36.906 GC heap before
{Heap before GC invocations=64 (full 0):
 garbage-first heap   total 227328K, used 122425K [0x00000000a0000000, 0x0000000100000000)
  region size 1024K, 11 young (11264K), 4 survivors (4096K)
 Metaspace       used 99966K, committed 100800K, reserved 1179648K
  class space    used 13602K, committed 14016K, reserved 1048576K
}
Event: 36.910 GC heap after
{Heap after GC invocations=65 (full 0):
 garbage-first heap   total 227328K, used 115167K [0x00000000a0000000, 0x0000000100000000)
  region size 1024K, 1 young (1024K), 1 survivors (1024K)
 Metaspace       used 99966K, committed 100800K, reserved 1179648K
  class space    used 13602K, committed 14016K, reserved 1048576K
}
Event: 38.827 GC heap before
{Heap before GC invocations=65 (full 0):
 garbage-first heap   total 227328K, used 174559K [0x00000000a0000000, 0x0000000100000000)
  region size 1024K, 60 young (61440K), 1 survivors (1024K)
 Metaspace       used 108151K, committed 109056K, reserved 1179648K
  class space    used 14595K, committed 14976K, reserved 1048576K
}
Event: 38.833 GC heap after
{Heap after GC invocations=66 (full 0):
 garbage-first heap   total 227328K, used 117755K [0x00000000a0000000, 0x0000000100000000)
  region size 1024K, 3 young (3072K), 3 survivors (3072K)
 Metaspace       used 108151K, committed 109056K, reserved 1179648K
  class space    used 14595K, committed 14976K, reserved 1048576K
}
Event: 41.525 GC heap before
{Heap before GC invocations=67 (full 0):
 garbage-first heap   total 227328K, used 189435K [0x00000000a0000000, 0x0000000100000000)
  region size 1024K, 72 young (73728K), 3 survivors (3072K)
 Metaspace       used 112808K, committed 113664K, reserved 1179648K
  class space    used 15119K, committed 15488K, reserved 1048576K
}
Event: 41.534 GC heap after
{Heap after GC invocations=68 (full 0):
 garbage-first heap   total 227328K, used 121155K [0x00000000a0000000, 0x0000000100000000)
  region size 1024K, 5 young (5120K), 5 survivors (5120K)
 Metaspace       used 112808K, committed 113664K, reserved 1179648K
  class space    used 15119K, committed 15488K, reserved 1048576K
}
Event: 41.832 GC heap before
{Heap before GC invocations=68 (full 0):
 garbage-first heap   total 227328K, used 127299K [0x00000000a0000000, 0x0000000100000000)
  region size 1024K, 11 young (11264K), 5 survivors (5120K)
 Metaspace       used 112877K, committed 113728K, reserved 1179648K
  class space    used 15119K, committed 15488K, reserved 1048576K
}
Event: 41.844 GC heap after
{Heap after GC invocations=69 (full 0):
 garbage-first heap   total 227328K, used 118620K [0x00000000a0000000, 0x0000000100000000)
  region size 1024K, 1 young (1024K), 1 survivors (1024K)
 Metaspace       used 112877K, committed 113728K, reserved 1179648K
  class space    used 15119K, committed 15488K, reserved 1048576K
}

