# JRE version: OpenJDK Runtime Environment (17.0.7) (build 17.0.7+0-b2043.56-10550314)
# Java VM: OpenJDK 64-Bit Server VM (17.0.7+0-b2043.56-10550314, mixed mode, tiered, compressed oops, compressed class ptrs, g1 gc, windows-amd64)
GC Precious Log:
 CPUs: 8 total, 8 available
 Memory: 16198M
 Large Page Support: Disabled
 NUMA Support: Disabled
 Compressed Oops: Enabled (32-bit)
 Heap Region Size: 1M
 Heap Min Capacity: 8M
 Heap Initial Capacity: 254M
 Heap Max Capacity: 1536M
 Pre-touch: Disabled
 Parallel Workers: 8
 Concurrent Workers: 2
 Concurrent Refinement Workers: 8
 Periodic GC: Disabled
Heap:
 garbage-first heap   total 142336K, used 98444K [0x00000000a0000000, 0x0000000100000000)
  region size 1024K, 6 young (6144K), 3 survivors (3072K)
 Metaspace       used 84843K, committed 85632K, reserved 1179648K
  class space    used 11538K, committed 11904K, reserved 1048576K
GC Heap History (20 events):
Event: 22.699 GC heap before
{Heap before GC invocations=46 (full 0):
 garbage-first heap   total 128000K, used 98533K [0x00000000a0000000, 0x0000000100000000)
  region size 1024K, 29 young (29696K), 3 survivors (3072K)
 Metaspace       used 72964K, committed 73600K, reserved 1114112K
  class space    used 9668K, committed 9920K, reserved 1048576K
}
Event: 22.711 GC heap after
{Heap after GC invocations=47 (full 0):
 garbage-first heap   total 128000K, used 74249K [0x00000000a0000000, 0x0000000100000000)
  region size 1024K, 3 young (3072K), 3 survivors (3072K)
 Metaspace       used 72964K, committed 73600K, reserved 1114112K
  class space    used 9668K, committed 9920K, reserved 1048576K
}
Event: 23.770 GC heap before
{Heap before GC invocations=47 (full 0):
 garbage-first heap   total 128000K, used 98825K [0x00000000a0000000, 0x0000000100000000)
  region size 1024K, 28 young (28672K), 3 survivors (3072K)
 Metaspace       used 75879K, committed 76544K, reserved 1179648K
  class space    used 10225K, committed 10496K, reserved 1048576K
}
Event: 23.777 GC heap after
{Heap after GC invocations=48 (full 0):
 garbage-first heap   total 128000K, used 75820K [0x00000000a0000000, 0x0000000100000000)
  region size 1024K, 2 young (2048K), 2 survivors (2048K)
 Metaspace       used 75879K, committed 76544K, reserved 1179648K
  class space    used 10225K, committed 10496K, reserved 1048576K
}
Event: 25.328 GC heap before
{Heap before GC invocations=49 (full 0):
 garbage-first heap   total 133120K, used 102444K [0x00000000a0000000, 0x0000000100000000)
  region size 1024K, 28 young (28672K), 2 survivors (2048K)
 Metaspace       used 77527K, committed 78144K, reserved 1179648K
  class space    used 10463K, committed 10752K, reserved 1048576K
}
Event: 25.336 GC heap after
{Heap after GC invocations=50 (full 0):
 garbage-first heap   total 133120K, used 78105K [0x00000000a0000000, 0x0000000100000000)
  region size 1024K, 4 young (4096K), 4 survivors (4096K)
 Metaspace       used 77527K, committed 78144K, reserved 1179648K
  class space    used 10463K, committed 10752K, reserved 1048576K
}
Event: 25.531 GC heap before
{Heap before GC invocations=50 (full 0):
 garbage-first heap   total 133120K, used 79129K [0x00000000a0000000, 0x0000000100000000)
  region size 1024K, 6 young (6144K), 4 survivors (4096K)
 Metaspace       used 77623K, committed 78272K, reserved 1179648K
  class space    used 10482K, committed 10752K, reserved 1048576K
}
Event: 25.541 GC heap after
{Heap after GC invocations=51 (full 0):
 garbage-first heap   total 133120K, used 78419K [0x00000000a0000000, 0x0000000100000000)
  region size 1024K, 1 young (1024K), 1 survivors (1024K)
 Metaspace       used 77623K, committed 78272K, reserved 1179648K
  class space    used 10482K, committed 10752K, reserved 1048576K
}
Event: 27.104 GC heap before
{Heap before GC invocations=51 (full 0):
 garbage-first heap   total 133120K, used 107091K [0x00000000a0000000, 0x0000000100000000)
  region size 1024K, 29 young (29696K), 1 survivors (1024K)
 Metaspace       used 78696K, committed 79360K, reserved 1179648K
  class space    used 10653K, committed 10944K, reserved 1048576K
}
Event: 27.113 GC heap after
{Heap after GC invocations=52 (full 0):
 garbage-first heap   total 133120K, used 81402K [0x00000000a0000000, 0x0000000100000000)
  region size 1024K, 4 young (4096K), 4 survivors (4096K)
 Metaspace       used 78696K, committed 79360K, reserved 1179648K
  class space    used 10653K, committed 10944K, reserved 1048576K
}
Event: 28.224 GC heap before
{Heap before GC invocations=53 (full 0):
 garbage-first heap   total 142336K, used 108026K [0x00000000a0000000, 0x0000000100000000)
  region size 1024K, 29 young (29696K), 4 survivors (4096K)
 Metaspace       used 79934K, committed 80640K, reserved 1179648K
  class space    used 10823K, committed 11136K, reserved 1048576K
}
Event: 28.233 GC heap after
{Heap after GC invocations=54 (full 0):
 garbage-first heap   total 142336K, used 86046K [0x00000000a0000000, 0x0000000100000000)
  region size 1024K, 4 young (4096K), 4 survivors (4096K)
 Metaspace       used 79934K, committed 80640K, reserved 1179648K
  class space    used 10823K, committed 11136K, reserved 1048576K
}
Event: 28.254 GC heap before
{Heap before GC invocations=54 (full 0):
 garbage-first heap   total 142336K, used 88094K [0x00000000a0000000, 0x0000000100000000)
  region size 1024K, 6 young (6144K), 4 survivors (4096K)
 Metaspace       used 79941K, committed 80704K, reserved 1179648K
  class space    used 10823K, committed 11136K, reserved 1048576K
}
Event: 28.259 GC heap after
{Heap after GC invocations=55 (full 0):
 garbage-first heap   total 142336K, used 86747K [0x00000000a0000000, 0x0000000100000000)
  region size 1024K, 1 young (1024K), 1 survivors (1024K)
 Metaspace       used 79941K, committed 80704K, reserved 1179648K
  class space    used 10823K, committed 11136K, reserved 1048576K
}
Event: 29.267 GC heap before
{Heap before GC invocations=55 (full 0):
 garbage-first heap   total 142336K, used 114395K [0x00000000a0000000, 0x0000000100000000)
  region size 1024K, 29 young (29696K), 1 survivors (1024K)
 Metaspace       used 81315K, committed 82112K, reserved 1179648K
  class space    used 11070K, committed 11392K, reserved 1048576K
}
Event: 29.275 GC heap after
{Heap after GC invocations=56 (full 0):
 garbage-first heap   total 142336K, used 90762K [0x00000000a0000000, 0x0000000100000000)
  region size 1024K, 4 young (4096K), 4 survivors (4096K)
 Metaspace       used 81315K, committed 82112K, reserved 1179648K
  class space    used 11070K, committed 11392K, reserved 1048576K
}
Event: 30.746 GC heap before
{Heap before GC invocations=56 (full 0):
 garbage-first heap   total 142336K, used 116362K [0x00000000a0000000, 0x0000000100000000)
  region size 1024K, 29 young (29696K), 4 survivors (4096K)
 Metaspace       used 83416K, committed 84160K, reserved 1179648K
  class space    used 11353K, committed 11648K, reserved 1048576K
}
Event: 30.761 GC heap after
{Heap after GC invocations=57 (full 0):
 garbage-first heap   total 142336K, used 93849K [0x00000000a0000000, 0x0000000100000000)
  region size 1024K, 3 young (3072K), 3 survivors (3072K)
 Metaspace       used 83416K, committed 84160K, reserved 1179648K
  class space    used 11353K, committed 11648K, reserved 1048576K
}
Event: 31.556 GC heap before
{Heap before GC invocations=57 (full 0):
 garbage-first heap   total 142336K, used 117401K [0x00000000a0000000, 0x0000000100000000)
  region size 1024K, 26 young (26624K), 3 survivors (3072K)
 Metaspace       used 84691K, committed 85440K, reserved 1179648K
  class space    used 11524K, committed 11840K, reserved 1048576K
}
Event: 31.565 GC heap after
{Heap after GC invocations=58 (full 0):
 garbage-first heap   total 142336K, used 96396K [0x00000000a0000000, 0x0000000100000000)
  region size 1024K, 3 young (3072K), 3 survivors (3072K)
 Metaspace       used 84691K, committed 85440K, reserved 1179648K
  class space    used 11524K, committed 11840K, reserved 1048576K
}

