# JRE version: OpenJDK Runtime Environment (17.0.7) (build 17.0.7+0-b2043.56-10550314)
# Java VM: OpenJDK 64-Bit Server VM (17.0.7+0-b2043.56-10550314, mixed mode, tiered, compressed oops, compressed class ptrs, g1 gc, windows-amd64)
GC Precious Log:
 CPUs: 8 total, 8 available
 Memory: 16198M
 Large Page Support: Disabled
 NUMA Support: Disabled
 Compressed Oops: Enabled (32-bit)
 Heap Region Size: 1M
 Heap Min Capacity: 8M
 Heap Initial Capacity: 254M
 Heap Max Capacity: 1536M
 Pre-touch: Disabled
 Parallel Workers: 8
 Concurrent Workers: 2
 Concurrent Refinement Workers: 8
 Periodic GC: Disabled
Heap:
 garbage-first heap   total 263168K, used 189491K [0x00000000a0000000, 0x0000000100000000)
  region size 1024K, 82 young (83968K), 2 survivors (2048K)
 Metaspace       used 109728K, committed 110592K, reserved 1179648K
  class space    used 14919K, committed 15296K, reserved 1048576K
GC Heap History (20 events):
Event: 17.969 GC heap before
{Heap before GC invocations=38 (full 0):
 garbage-first heap   total 153600K, used 115243K [0x00000000a0000000, 0x0000000100000000)
  region size 1024K, 41 young (41984K), 1 survivors (1024K)
 Metaspace       used 76634K, committed 77312K, reserved 1179648K
  class space    used 10329K, committed 10624K, reserved 1048576K
}
Event: 17.974 GC heap after
{Heap after GC invocations=39 (full 0):
 garbage-first heap   total 153600K, used 75927K [0x00000000a0000000, 0x0000000100000000)
  region size 1024K, 3 young (3072K), 3 survivors (3072K)
 Metaspace       used 76634K, committed 77312K, reserved 1179648K
  class space    used 10329K, committed 10624K, reserved 1048576K
}
Event: 18.647 GC heap before
{Heap before GC invocations=40 (full 0):
 garbage-first heap   total 153600K, used 117911K [0x00000000a0000000, 0x0000000100000000)
  region size 1024K, 44 young (45056K), 3 survivors (3072K)
 Metaspace       used 78733K, committed 79360K, reserved 1179648K
  class space    used 10665K, committed 10944K, reserved 1048576K
}
Event: 18.657 GC heap after
{Heap after GC invocations=41 (full 0):
 garbage-first heap   total 153600K, used 80269K [0x00000000a0000000, 0x0000000100000000)
  region size 1024K, 6 young (6144K), 6 survivors (6144K)
 Metaspace       used 78733K, committed 79360K, reserved 1179648K
  class space    used 10665K, committed 10944K, reserved 1048576K
}
Event: 19.327 GC heap before
{Heap before GC invocations=41 (full 0):
 garbage-first heap   total 153600K, used 113037K [0x00000000a0000000, 0x0000000100000000)
  region size 1024K, 40 young (40960K), 6 survivors (6144K)
 Metaspace       used 80275K, committed 81024K, reserved 1179648K
  class space    used 10880K, committed 11200K, reserved 1048576K
}
Event: 19.336 GC heap after
{Heap after GC invocations=42 (full 0):
 garbage-first heap   total 153600K, used 84142K [0x00000000a0000000, 0x0000000100000000)
  region size 1024K, 4 young (4096K), 4 survivors (4096K)
 Metaspace       used 80275K, committed 81024K, reserved 1179648K
  class space    used 10880K, committed 11200K, reserved 1048576K
}
Event: 20.106 GC heap before
{Heap before GC invocations=43 (full 0):
 garbage-first heap   total 155648K, used 123054K [0x00000000a0000000, 0x0000000100000000)
  region size 1024K, 40 young (40960K), 4 survivors (4096K)
 Metaspace       used 82004K, committed 82752K, reserved 1179648K
  class space    used 11176K, committed 11520K, reserved 1048576K
}
Event: 20.115 GC heap after
{Heap after GC invocations=44 (full 0):
 garbage-first heap   total 155648K, used 91252K [0x00000000a0000000, 0x0000000100000000)
  region size 1024K, 5 young (5120K), 5 survivors (5120K)
 Metaspace       used 82004K, committed 82752K, reserved 1179648K
  class space    used 11176K, committed 11520K, reserved 1048576K
}
Event: 20.967 GC heap before
{Heap before GC invocations=44 (full 0):
 garbage-first heap   total 155648K, used 124020K [0x00000000a0000000, 0x0000000100000000)
  region size 1024K, 37 young (37888K), 5 survivors (5120K)
 Metaspace       used 84315K, committed 85056K, reserved 1179648K
  class space    used 11490K, committed 11840K, reserved 1048576K
}
Event: 20.985 GC heap after
{Heap after GC invocations=45 (full 0):
 garbage-first heap   total 155648K, used 95211K [0x00000000a0000000, 0x0000000100000000)
  region size 1024K, 4 young (4096K), 4 survivors (4096K)
 Metaspace       used 84315K, committed 85056K, reserved 1179648K
  class space    used 11490K, committed 11840K, reserved 1048576K
}
Event: 21.884 GC heap before
{Heap before GC invocations=46 (full 0):
 garbage-first heap   total 165888K, used 124907K [0x00000000a0000000, 0x0000000100000000)
  region size 1024K, 33 young (33792K), 4 survivors (4096K)
 Metaspace       used 85844K, committed 86720K, reserved 1179648K
  class space    used 11665K, committed 12032K, reserved 1048576K
}
Event: 21.894 GC heap after
{Heap after GC invocations=47 (full 0):
 garbage-first heap   total 165888K, used 99257K [0x00000000a0000000, 0x0000000100000000)
  region size 1024K, 4 young (4096K), 4 survivors (4096K)
 Metaspace       used 85844K, committed 86720K, reserved 1179648K
  class space    used 11665K, committed 12032K, reserved 1048576K
}
Event: 21.991 GC heap before
{Heap before GC invocations=47 (full 0):
 garbage-first heap   total 165888K, used 103353K [0x00000000a0000000, 0x0000000100000000)
  region size 1024K, 8 young (8192K), 4 survivors (4096K)
 Metaspace       used 86233K, committed 87104K, reserved 1179648K
  class space    used 11725K, committed 12096K, reserved 1048576K
}
Event: 21.998 GC heap after
{Heap after GC invocations=48 (full 0):
 garbage-first heap   total 165888K, used 99833K [0x00000000a0000000, 0x0000000100000000)
  region size 1024K, 1 young (1024K), 1 survivors (1024K)
 Metaspace       used 86233K, committed 87104K, reserved 1179648K
  class space    used 11725K, committed 12096K, reserved 1048576K
}
Event: 22.884 GC heap before
{Heap before GC invocations=48 (full 0):
 garbage-first heap   total 165888K, used 133625K [0x00000000a0000000, 0x0000000100000000)
  region size 1024K, 34 young (34816K), 1 survivors (1024K)
 Metaspace       used 90797K, committed 91584K, reserved 1179648K
  class space    used 12386K, committed 12736K, reserved 1048576K
}
Event: 22.890 GC heap after
{Heap after GC invocations=49 (full 0):
 garbage-first heap   total 263168K, used 102165K [0x00000000a0000000, 0x0000000100000000)
  region size 1024K, 4 young (4096K), 4 survivors (4096K)
 Metaspace       used 90797K, committed 91584K, reserved 1179648K
  class space    used 12386K, committed 12736K, reserved 1048576K
}
Event: 24.635 GC heap before
{Heap before GC invocations=50 (full 0):
 garbage-first heap   total 263168K, used 187157K [0x00000000a0000000, 0x0000000100000000)
  region size 1024K, 84 young (86016K), 4 survivors (4096K)
 Metaspace       used 99385K, committed 100288K, reserved 1179648K
  class space    used 13563K, committed 13952K, reserved 1048576K
}
Event: 24.652 GC heap after
{Heap after GC invocations=51 (full 0):
 garbage-first heap   total 263168K, used 108885K [0x00000000a0000000, 0x0000000100000000)
  region size 1024K, 10 young (10240K), 10 survivors (10240K)
 Metaspace       used 99385K, committed 100288K, reserved 1179648K
  class space    used 13563K, committed 13952K, reserved 1048576K
}
Event: 24.843 GC heap before
{Heap before GC invocations=51 (full 0):
 garbage-first heap   total 263168K, used 110933K [0x00000000a0000000, 0x0000000100000000)
  region size 1024K, 12 young (12288K), 10 survivors (10240K)
 Metaspace       used 100349K, committed 101248K, reserved 1179648K
  class space    used 13667K, committed 14080K, reserved 1048576K
}
Event: 24.856 GC heap after
{Heap after GC invocations=52 (full 0):
 garbage-first heap   total 263168K, used 109619K [0x00000000a0000000, 0x0000000100000000)
  region size 1024K, 2 young (2048K), 2 survivors (2048K)
 Metaspace       used 100349K, committed 101248K, reserved 1179648K
  class space    used 13667K, committed 14080K, reserved 1048576K
}

