# JRE version: OpenJDK Runtime Environment (17.0.7) (build 17.0.7+0-b2043.56-10550314)
# Java VM: OpenJDK 64-Bit Server VM (17.0.7+0-b2043.56-10550314, mixed mode, tiered, compressed oops, compressed class ptrs, g1 gc, windows-amd64)
GC Precious Log:
 CPUs: 8 total, 8 available
 Memory: 16198M
 Large Page Support: Disabled
 NUMA Support: Disabled
 Compressed Oops: Enabled (32-bit)
 Heap Region Size: 1M
 Heap Min Capacity: 8M
 Heap Initial Capacity: 254M
 Heap Max Capacity: 1536M
 Pre-touch: Disabled
 Parallel Workers: 8
 Concurrent Workers: 2
 Concurrent Refinement Workers: 8
 Periodic GC: Disabled
Heap:
 garbage-first heap   total 160768K, used 90408K [0x00000000a0000000, 0x0000000100000000)
  region size 1024K, 61 young (62464K), 2 survivors (2048K)
 Metaspace       used 46196K, committed 46592K, reserved 1114112K
  class space    used 6043K, committed 6208K, reserved 1048576K
GC Heap History (20 events):
Event: 5.244 GC heap before
{Heap before GC invocations=1 (full 0):
 garbage-first heap   total 260096K, used 38819K [0x00000000a0000000, 0x0000000100000000)
  region size 1024K, 31 young (31744K), 3 survivors (3072K)
 Metaspace       used 11185K, committed 11392K, reserved 1114112K
  class space    used 1163K, committed 1280K, reserved 1048576K
}
Event: 5.251 GC heap after
{Heap after GC invocations=2 (full 0):
 garbage-first heap   total 260096K, used 13226K [0x00000000a0000000, 0x0000000100000000)
  region size 1024K, 4 young (4096K), 4 survivors (4096K)
 Metaspace       used 11185K, committed 11392K, reserved 1114112K
  class space    used 1163K, committed 1280K, reserved 1048576K
}
Event: 8.727 GC heap before
{Heap before GC invocations=2 (full 0):
 garbage-first heap   total 260096K, used 54186K [0x00000000a0000000, 0x0000000100000000)
  region size 1024K, 45 young (46080K), 4 survivors (4096K)
 Metaspace       used 21309K, committed 21504K, reserved 1114112K
  class space    used 2593K, committed 2688K, reserved 1048576K
}
Event: 8.738 GC heap after
{Heap after GC invocations=3 (full 0):
 garbage-first heap   total 260096K, used 17191K [0x00000000a0000000, 0x0000000100000000)
  region size 1024K, 8 young (8192K), 8 survivors (8192K)
 Metaspace       used 21309K, committed 21504K, reserved 1114112K
  class space    used 2593K, committed 2688K, reserved 1048576K
}
Event: 10.682 GC heap before
{Heap before GC invocations=4 (full 0):
 garbage-first heap   total 61440K, used 45863K [0x00000000a0000000, 0x0000000100000000)
  region size 1024K, 36 young (36864K), 8 survivors (8192K)
 Metaspace       used 26073K, committed 26368K, reserved 1114112K
  class space    used 3415K, committed 3520K, reserved 1048576K
}
Event: 10.692 GC heap after
{Heap after GC invocations=5 (full 0):
 garbage-first heap   total 61440K, used 18936K [0x00000000a0000000, 0x0000000100000000)
  region size 1024K, 2 young (2048K), 2 survivors (2048K)
 Metaspace       used 26073K, committed 26368K, reserved 1114112K
  class space    used 3415K, committed 3520K, reserved 1048576K
}
Event: 10.765 GC heap before
{Heap before GC invocations=5 (full 0):
 garbage-first heap   total 61440K, used 19960K [0x00000000a0000000, 0x0000000100000000)
  region size 1024K, 3 young (3072K), 2 survivors (2048K)
 Metaspace       used 26113K, committed 26368K, reserved 1114112K
  class space    used 3419K, committed 3520K, reserved 1048576K
}
Event: 10.775 GC heap after
{Heap after GC invocations=6 (full 0):
 garbage-first heap   total 61440K, used 19205K [0x00000000a0000000, 0x0000000100000000)
  region size 1024K, 1 young (1024K), 1 survivors (1024K)
 Metaspace       used 26113K, committed 26368K, reserved 1114112K
  class space    used 3419K, committed 3520K, reserved 1048576K
}
Event: 11.974 GC heap before
{Heap before GC invocations=6 (full 0):
 garbage-first heap   total 61440K, used 40709K [0x00000000a0000000, 0x0000000100000000)
  region size 1024K, 23 young (23552K), 1 survivors (1024K)
 Metaspace       used 29654K, committed 29952K, reserved 1114112K
  class space    used 3988K, committed 4096K, reserved 1048576K
}
Event: 11.978 GC heap after
{Heap after GC invocations=7 (full 0):
 garbage-first heap   total 61440K, used 20169K [0x00000000a0000000, 0x0000000100000000)
  region size 1024K, 2 young (2048K), 2 survivors (2048K)
 Metaspace       used 29654K, committed 29952K, reserved 1114112K
  class space    used 3988K, committed 4096K, reserved 1048576K
}
Event: 13.162 GC heap before
{Heap before GC invocations=7 (full 0):
 garbage-first heap   total 61440K, used 43721K [0x00000000a0000000, 0x0000000100000000)
  region size 1024K, 25 young (25600K), 2 survivors (2048K)
 Metaspace       used 33449K, committed 33728K, reserved 1114112K
  class space    used 4566K, committed 4672K, reserved 1048576K
}
Event: 13.168 GC heap after
{Heap after GC invocations=8 (full 0):
 garbage-first heap   total 61440K, used 21483K [0x00000000a0000000, 0x0000000100000000)
  region size 1024K, 3 young (3072K), 3 survivors (3072K)
 Metaspace       used 33449K, committed 33728K, reserved 1114112K
  class space    used 4566K, committed 4672K, reserved 1048576K
}
Event: 13.611 GC heap before
{Heap before GC invocations=8 (full 0):
 garbage-first heap   total 61440K, used 25579K [0x00000000a0000000, 0x0000000100000000)
  region size 1024K, 9 young (9216K), 3 survivors (3072K)
 Metaspace       used 35665K, committed 35968K, reserved 1114112K
  class space    used 4725K, committed 4864K, reserved 1048576K
}
Event: 13.617 GC heap after
{Heap after GC invocations=9 (full 0):
 garbage-first heap   total 61440K, used 22493K [0x00000000a0000000, 0x0000000100000000)
  region size 1024K, 3 young (3072K), 3 survivors (3072K)
 Metaspace       used 35665K, committed 35968K, reserved 1114112K
  class space    used 4725K, committed 4864K, reserved 1048576K
}
Event: 14.840 GC heap before
{Heap before GC invocations=10 (full 0):
 garbage-first heap   total 61440K, used 42973K [0x00000000a0000000, 0x0000000100000000)
  region size 1024K, 24 young (24576K), 3 survivors (3072K)
 Metaspace       used 38462K, committed 38784K, reserved 1114112K
  class space    used 5047K, committed 5184K, reserved 1048576K
}
Event: 14.852 GC heap after
{Heap after GC invocations=11 (full 0):
 garbage-first heap   total 61440K, used 25423K [0x00000000a0000000, 0x0000000100000000)
  region size 1024K, 3 young (3072K), 3 survivors (3072K)
 Metaspace       used 38462K, committed 38784K, reserved 1114112K
  class space    used 5047K, committed 5184K, reserved 1048576K
}
Event: 14.865 GC heap before
{Heap before GC invocations=11 (full 0):
 garbage-first heap   total 61440K, used 26447K [0x00000000a0000000, 0x0000000100000000)
  region size 1024K, 4 young (4096K), 3 survivors (3072K)
 Metaspace       used 38463K, committed 38784K, reserved 1114112K
  class space    used 5047K, committed 5184K, reserved 1048576K
}
Event: 14.871 GC heap after
{Heap after GC invocations=12 (full 0):
 garbage-first heap   total 61440K, used 25757K [0x00000000a0000000, 0x0000000100000000)
  region size 1024K, 1 young (1024K), 1 survivors (1024K)
 Metaspace       used 38463K, committed 38784K, reserved 1114112K
  class space    used 5047K, committed 5184K, reserved 1048576K
}
Event: 15.691 GC heap before
{Heap before GC invocations=12 (full 0):
 garbage-first heap   total 61440K, used 39069K [0x00000000a0000000, 0x0000000100000000)
  region size 1024K, 15 young (15360K), 1 survivors (1024K)
 Metaspace       used 39850K, committed 40128K, reserved 1114112K
  class space    used 5249K, committed 5376K, reserved 1048576K
}
Event: 15.696 GC heap after
{Heap after GC invocations=13 (full 0):
 garbage-first heap   total 160768K, used 27944K [0x00000000a0000000, 0x0000000100000000)
  region size 1024K, 2 young (2048K), 2 survivors (2048K)
 Metaspace       used 39850K, committed 40128K, reserved 1114112K
  class space    used 5249K, committed 5376K, reserved 1048576K
}

